<?xml version="1.0" encoding="UTF-8"?>
<!-- Generated by org.testng.reporters.JUnitReportReporter -->
<testsuite hostname="HbpSoft" failures="0" tests="1" name="com.test.Database_Testing.Section_WidthHeight" time="0.969" errors="0" timestamp="2024-03-13T13:13:14 IST" skipped="0">
  <testcase classname="com.test.Database_Testing.Section_WidthHeight" name="testDB" time="0.969"/>
  <system-out/>
</testsuite> <!-- com.test.Database_Testing.Section_WidthHeight -->
