<?xml version="1.0" encoding="UTF-8"?>
<!-- Generated by org.testng.reporters.JUnitReportReporter -->
<testsuite hostname="HbpSoft" failures="0" tests="1" name="com.test.Database_Testing.Image_Out_Batches" time="27.436" errors="0" timestamp="2024-06-13T12:19:15 IST" skipped="0">
  <testcase classname="com.test.Database_Testing.Image_Out_Batches" name="testDB" time="27.436"/>
  <system-out/>
</testsuite> <!-- com.test.Database_Testing.Image_Out_Batches -->
