<?xml version="1.0" encoding="UTF-8"?>
<!-- Generated by org.testng.reporters.JUnitReportReporter -->
<testsuite hostname="HbpSoft" failures="0" tests="1" name="com.test.Database_Testing.Search_History_Today" time="0.428" errors="0" timestamp="2024-04-01T13:01:27 IST" skipped="0">
  <testcase classname="com.test.Database_Testing.Search_History_Today" name="testDB" time="0.428"/>
  <system-out/>
</testsuite> <!-- com.test.Database_Testing.Search_History_Today -->
