<?xml version="1.0" encoding="UTF-8"?>
<!-- Generated by org.testng.reporters.JUnitReportReporter -->
<testsuite hostname="HbpSoft" failures="0" tests="1" name="com.test.Database_Testing.QC_Pending_Batches" time="4.450" errors="0" timestamp="2025-02-26T12:51:32 IST" skipped="0">
  <testcase classname="com.test.Database_Testing.QC_Pending_Batches" name="testDB" time="4.450"/>
  <system-out/>
</testsuite> <!-- com.test.Database_Testing.QC_Pending_Batches -->
