<?xml version="1.0" encoding="UTF-8"?>
<!-- Generated by org.testng.reporters.JUnitReportReporter -->
<testsuite hostname="HbpSoft" failures="0" tests="1" name="com.test.Database_Testing.Image_Out_Batches" time="31.689" errors="0" timestamp="2025-02-21T16:11:46 IST" skipped="0">
  <testcase classname="com.test.Database_Testing.Image_Out_Batches" name="testDB" time="31.689"/>
  <system-out/>
</testsuite> <!-- com.test.Database_Testing.Image_Out_Batches -->
