<?xml version="1.0" encoding="UTF-8"?>
<!-- Generated by org.testng.reporters.JUnitReportReporter -->
<testsuite hostname="HbpSoft" failures="0" tests="1" name="com.test.Database_Testing.Image_missing" time="126.930" errors="0" timestamp="2025-03-03T12:13:18 IST" skipped="0">
  <testcase classname="com.test.Database_Testing.Image_missing" name="testDBandListMissingFiles" time="126.930"/>
  <system-out/>
</testsuite> <!-- com.test.Database_Testing.Image_missing -->
