<?xml version="1.0" encoding="UTF-8"?>
<!-- Generated by org.testng.reporters.JUnitReportReporter -->
<testsuite hostname="HbpSoft" failures="0" tests="1" name="com.test.Database_Testing.Image_Out_Batches" time="58.386" errors="0" timestamp="2024-06-24T10:34:02 IST" skipped="0">
  <testcase classname="com.test.Database_Testing.Image_Out_Batches" name="testDB" time="58.386"/>
  <system-out/>
</testsuite> <!-- com.test.Database_Testing.Image_Out_Batches -->
