<?xml version="1.0" encoding="UTF-8"?>
<!-- Generated by org.testng.reporters.JUnitReportReporter -->
<testsuite hostname="HbpSoft" failures="0" tests="1" name="com.test.Database_Testing.Image_missing" time="66.835" errors="0" timestamp="2025-02-17T12:28:42 IST" skipped="0">
  <testcase classname="com.test.Database_Testing.Image_missing" name="testDBandListRemoteFiles" time="66.835"/>
  <system-out/>
</testsuite> <!-- com.test.Database_Testing.Image_missing -->
