<?xml version="1.0" encoding="UTF-8"?>
<!-- Generated by org.testng.reporters.JUnitReportReporter -->
<testsuite hostname="HbpSoft" failures="0" tests="1" name="com.test.Database_Testing.Upload_Completed" time="0.382" errors="0" timestamp="2024-05-10T17:11:34 IST" skipped="0">
  <testcase classname="com.test.Database_Testing.Upload_Completed" name="testDB" time="0.382"/>
  <system-out/>
</testsuite> <!-- com.test.Database_Testing.Upload_Completed -->
